Using pre-set license
Built from '2021.1/staging' branch; Version is '2021.1.6f1 (c0fade0cc7e9) revision 12647134'; Using compiler version '192528614'; Build Type 'Release'
OS: 'Windows 10 Pro; OS build 19042.985; Version 2009; 64bit' Language: 'en' Physical Memory: 32584 MB
BatchMode: 1, IsHumanControllingUs: 0, StartBugReporterOnCrash: 0, Is64bit: 1, IsPro: 0

 COMMAND LINE ARGUMENTS:
C:\Users\vbrou\Documents\Unity\2021.1.6f1\Editor\Unity.exe
-adb2
-batchMode
-noUpm
-name
AssetImportWorker0
-projectPath
C:/Users/vbrou/Documents/HKU/Jaar 2/Project Vrij/Project Vrij Unity/Project-Vrij-Tinderbox/Project Vrij WW1
-logFile
Logs/AssetImportWorker0.log
-srvPort
62451
Successfully changed project path to: C:/Users/vbrou/Documents/HKU/Jaar 2/Project Vrij/Project Vrij Unity/Project-Vrij-Tinderbox/Project Vrij WW1
C:/Users/vbrou/Documents/HKU/Jaar 2/Project Vrij/Project Vrij Unity/Project-Vrij-Tinderbox/Project Vrij WW1
Using Asset Import Pipeline V2.
Refreshing native plugins compatible for Editor in 119.32 ms, found 4 plugins.
Preloading 0 native plugins for Editor in 0.00 ms.
Initialize engine version: 2021.1.6f1 (c0fade0cc7e9)
[Subsystems] Discovering subsystems at path C:/Users/vbrou/Documents/Unity/2021.1.6f1/Editor/Data/Resources/UnitySubsystems
[Subsystems] Discovering subsystems at path C:/Users/vbrou/Documents/HKU/Jaar 2/Project Vrij/Project Vrij Unity/Project-Vrij-Tinderbox/Project Vrij WW1/Assets
GfxDevice: creating device client; threaded=0; jobified=0
Direct3D:
    Version:  Direct3D 11.0 [level 11.1]
    Renderer: NVIDIA GeForce RTX 2080 Super with Max-Q Design (ID=0x1e93)
    Vendor:   NVIDIA
    VRAM:     8010 MB
    Driver:   26.21.14.4614
Shader 'Universal Render Pipeline/Particles/Lit': fallback shader 'Universal Render Pipeline/Particles/SimpleLit' not found
Initialize mono
Mono path[0] = 'C:/Users/vbrou/Documents/Unity/2021.1.6f1/Editor/Data/Managed'
Mono path[1] = 'C:/Users/vbrou/Documents/Unity/2021.1.6f1/Editor/Data/MonoBleedingEdge/lib/mono/unityjit'
Mono config path = 'C:/Users/vbrou/Documents/Unity/2021.1.6f1/Editor/Data/MonoBleedingEdge/etc'
Using monoOptions --debugger-agent=transport=dt_socket,embedding=1,server=y,suspend=n,address=127.0.0.1:56328
Begin MonoManager ReloadAssembly
Registering precompiled unity dll's ...
Register platform support module: C:/Users/vbrou/Documents/Unity/2021.1.6f1/Editor/Data/PlaybackEngines/MacStandaloneSupport/UnityEditor.OSXStandalone.Extensions.dll
Register platform support module: C:/Users/vbrou/Documents/Unity/2021.1.6f1/Editor/Data/PlaybackEngines/WindowsStandaloneSupport/UnityEditor.WindowsStandalone.Extensions.dll
Registered in 0.002342 seconds.
Native extension for WindowsStandalone target not found
Native extension for OSXStandalone target not found
Refreshing native plugins compatible for Editor in 108.08 ms, found 4 plugins.
Preloading 0 native plugins for Editor in 0.00 ms.
Mono: successfully reloaded assembly
- Completed reload, in  1.202 seconds
Platform modules already initialized, skipping
Registering precompiled user dll's ...
Registered in 0.005993 seconds.
Begin MonoManager ReloadAssembly
Native extension for WindowsStandalone target not found
Native extension for OSXStandalone target not found
Refreshing native plugins compatible for Editor in 104.62 ms, found 4 plugins.
Preloading 0 native plugins for Editor in 0.00 ms.
RefreshInfo: StopAssetImportingV2(NoUpdateAssetOptions) scanfilter: 
RefreshProfiler: Total: 0.000ms
RefreshInfo: StopAssetImportingV2(NoUpdateAssetOptions) scanfilter: 
RefreshProfiler: Total: 0.000ms
Mono: successfully reloaded assembly
- Completed reload, in  1.111 seconds
Platform modules already initialized, skipping
========================================================================
Worker process is ready to serve import requests
Shader 'Universal Render Pipeline/Particles/Lit': fallback shader 'Universal Render Pipeline/Particles/SimpleLit' not found
Launched and connected shader compiler UnityShaderCompiler.exe after 0.03 seconds
Refreshing native plugins compatible for Editor in 1.03 ms, found 4 plugins.
Preloading 0 native plugins for Editor in 0.00 ms.
Unloading 60 Unused Serialized files (Serialized files now loaded: 0)
System memory in use before: 159.0 MB.
System memory in use after: 159.2 MB.

Unloading 82 unused Assets to reduce memory usage. Loaded Objects now: 5208.
Total: 2.567000 ms (FindLiveObjects: 0.351500 ms CreateObjectMapping: 0.272800 ms MarkObjects: 1.865600 ms  DeleteObjects: 0.075900 ms)

========================================================================
Received Import Request.
  path: Assets/Assets/MainCharacterProjectVrij II copy.psb
  artifactKey: Guid(dfef12e0cbba8204b9159ca81b49ab77) Importer(815301076,1909f56bfc062723c751e8b465ee728b)
Start importing Assets/Assets/MainCharacterProjectVrij II copy.psb using Guid(dfef12e0cbba8204b9159ca81b49ab77) Importer(815301076,1909f56bfc062723c751e8b465ee728b)  -> (artifact id: 'ca331af8f8e215fb651c058c61d5520d') in 0.315857 seconds 
========================================================================
Received Import Request.
  Time since last request: 51.377474 seconds.
  path: Assets/Assets/MainCharacterProjectVrij II copy.psb
  artifactKey: Guid(dfef12e0cbba8204b9159ca81b49ab77) Importer(815301076,1909f56bfc062723c751e8b465ee728b)
Start importing Assets/Assets/MainCharacterProjectVrij II copy.psb using Guid(dfef12e0cbba8204b9159ca81b49ab77) Importer(815301076,1909f56bfc062723c751e8b465ee728b)  -> (artifact id: '38cf38ef1b16171e5f0f59b7d4b386f3') in 0.121549 seconds 
========================================================================
Received Import Request.
  Time since last request: 5864.987450 seconds.
  path: Assets/Assets/MainCharacterProjectVrij II copy.psb
  artifactKey: Guid(dfef12e0cbba8204b9159ca81b49ab77) Importer(815301076,1909f56bfc062723c751e8b465ee728b)
Start importing Assets/Assets/MainCharacterProjectVrij II copy.psb using Guid(dfef12e0cbba8204b9159ca81b49ab77) Importer(815301076,1909f56bfc062723c751e8b465ee728b)  -> (artifact id: '284e01348bf2b6797a42ebac77947bda') in 0.099637 seconds 
========================================================================
Received Import Request.
  Time since last request: 22.293131 seconds.
  path: Assets/Assets/MainCharacterProjectVrij II copy.psb
  artifactKey: Guid(dfef12e0cbba8204b9159ca81b49ab77) Importer(815301076,1909f56bfc062723c751e8b465ee728b)
Start importing Assets/Assets/MainCharacterProjectVrij II copy.psb using Guid(dfef12e0cbba8204b9159ca81b49ab77) Importer(815301076,1909f56bfc062723c751e8b465ee728b)  -> (artifact id: 'c38bc8d001d7cae1e988e022f0127a73') in 0.157812 seconds 
========================================================================
Received Import Request.
  Time since last request: 796.066217 seconds.
  path: Assets/Assets/MainCharacter_WW1 1.psb
  artifactKey: Guid(32d478ef1f59df94c81ec9a2f83999be) Importer(815301076,1909f56bfc062723c751e8b465ee728b)
Start importing Assets/Assets/MainCharacter_WW1 1.psb using Guid(32d478ef1f59df94c81ec9a2f83999be) Importer(815301076,1909f56bfc062723c751e8b465ee728b)  -> (artifact id: 'eaf451e78811a3559248947a469d256c') in 0.163781 seconds 
========================================================================
Received Import Request.
  Time since last request: 0.000608 seconds.
  path: Assets/Assets/MainCharacter_WW1.psb
  artifactKey: Guid(b9987cb3533732a41aaec8f4651083e0) Importer(815301076,1909f56bfc062723c751e8b465ee728b)
Start importing Assets/Assets/MainCharacter_WW1.psb using Guid(b9987cb3533732a41aaec8f4651083e0) Importer(815301076,1909f56bfc062723c751e8b465ee728b)  -> (artifact id: 'b95652c09074606fd1eb860301a001d7') in 0.114671 seconds 
========================================================================
Received Import Request.
  Time since last request: 1378.240074 seconds.
  path: Packages/com.unity.2d.animation
  artifactKey: Guid(bb5c94055a953b6081dfc49350569eb1) Importer(815301076,1909f56bfc062723c751e8b465ee728b)
Start importing Packages/com.unity.2d.animation using Guid(bb5c94055a953b6081dfc49350569eb1) Importer(815301076,1909f56bfc062723c751e8b465ee728b)  -> (artifact id: '09fa518512abe465e781a54efa05d46a') in 0.009637 seconds 
========================================================================
Received Import Request.
  Time since last request: 4.012542 seconds.
  path: Packages/com.unity.2d.animation/IK
  artifactKey: Guid(350d0a33d0eff469e827fca813d0a6ad) Importer(815301076,1909f56bfc062723c751e8b465ee728b)
Start importing Packages/com.unity.2d.animation/IK using Guid(350d0a33d0eff469e827fca813d0a6ad) Importer(815301076,1909f56bfc062723c751e8b465ee728b)  -> (artifact id: '628f69b7dbb6ba196ba56472695eacc3') in 0.015512 seconds 
========================================================================
Received Import Request.
  Time since last request: 1.319363 seconds.
  path: Packages/com.unity.2d.animation/IK/Editor
  artifactKey: Guid(26f0cc158533ad6408ea185066c7e096) Importer(815301076,1909f56bfc062723c751e8b465ee728b)
Start importing Packages/com.unity.2d.animation/IK/Editor using Guid(26f0cc158533ad6408ea185066c7e096) Importer(815301076,1909f56bfc062723c751e8b465ee728b)  -> (artifact id: '5a12c0b004c9b22fe4d9a837975ab34f') in 0.008610 seconds 
========================================================================
Received Import Request.
  Time since last request: 0.106498 seconds.
  path: Packages/com.unity.2d.animation/IK/Editor/Unity.2D.IK.Editor.asmdef
  artifactKey: Guid(4237adb6ac177124b8f4a94835b7b4d0) Importer(815301076,1909f56bfc062723c751e8b465ee728b)
Start importing Packages/com.unity.2d.animation/IK/Editor/Unity.2D.IK.Editor.asmdef using Guid(4237adb6ac177124b8f4a94835b7b4d0) Importer(815301076,1909f56bfc062723c751e8b465ee728b)  -> (artifact id: '07e0f2ad07201a553206f17a2d0da966') in 0.012021 seconds 
========================================================================
Received Import Request.
  Time since last request: 3.611846 seconds.
  path: Packages/com.unity.2d.animation/IK/Editor/Inspectors
  artifactKey: Guid(d12aa39b430d2fe44b043732d7d1d4aa) Importer(815301076,1909f56bfc062723c751e8b465ee728b)
Start importing Packages/com.unity.2d.animation/IK/Editor/Inspectors using Guid(d12aa39b430d2fe44b043732d7d1d4aa) Importer(815301076,1909f56bfc062723c751e8b465ee728b)  -> (artifact id: '505a8401ff878d71fc52357389c06c3c') in 0.008650 seconds 
========================================================================
Received Import Request.
  Time since last request: 6.929781 seconds.
  path: Packages/com.unity.2d.animation/Editor
  artifactKey: Guid(164d22a8da00e422a93e091c7bd338df) Importer(815301076,1909f56bfc062723c751e8b465ee728b)
Start importing Packages/com.unity.2d.animation/Editor using Guid(164d22a8da00e422a93e091c7bd338df) Importer(815301076,1909f56bfc062723c751e8b465ee728b)  -> (artifact id: '7de77fe18d6c50299dafc579996d4ccf') in 0.004885 seconds 
========================================================================
Received Import Request.
  Time since last request: 36.538866 seconds.
  path: Packages/com.unity.2d.animation/Runtime
  artifactKey: Guid(b5e13ffaa298c414091b9cdb6e0c2b9c) Importer(815301076,1909f56bfc062723c751e8b465ee728b)
Start importing Packages/com.unity.2d.animation/Runtime using Guid(b5e13ffaa298c414091b9cdb6e0c2b9c) Importer(815301076,1909f56bfc062723c751e8b465ee728b)  -> (artifact id: '2df76b3ce2d3ff60bb7adfd7bece8090') in 0.011697 seconds 
========================================================================
Received Import Request.
  Time since last request: 0.072892 seconds.
  path: Packages/com.unity.2d.animation/Runtime/Unity.2D.Animation.Runtime.asmdef
  artifactKey: Guid(41524c21c95e5fe4dbc5b48bd21995a4) Importer(815301076,1909f56bfc062723c751e8b465ee728b)
Start importing Packages/com.unity.2d.animation/Runtime/Unity.2D.Animation.Runtime.asmdef using Guid(41524c21c95e5fe4dbc5b48bd21995a4) Importer(815301076,1909f56bfc062723c751e8b465ee728b)  -> (artifact id: '230c61a9ccf273f803c5946b3671d969') in 0.008350 seconds 
========================================================================
Received Import Request.
  Time since last request: 2970.183987 seconds.
  path: Assets/Assets/PlayerWalkAnimation.anim
  artifactKey: Guid(8fe25f91ffff2e24aac8399f189c7860) Importer(815301076,1909f56bfc062723c751e8b465ee728b)
Start importing Assets/Assets/PlayerWalkAnimation.anim using Guid(8fe25f91ffff2e24aac8399f189c7860) Importer(815301076,1909f56bfc062723c751e8b465ee728b)  -> (artifact id: '328206890ab2f1c01cc40b13184b9a49') in 0.014403 seconds 
========================================================================
Received Import Request.
  Time since last request: 63665.524321 seconds.
  path: Assets/Assets/MainCharacterProjectVrij II copy.psb
  artifactKey: Guid(dfef12e0cbba8204b9159ca81b49ab77) Importer(815301076,1909f56bfc062723c751e8b465ee728b)
Start importing Assets/Assets/MainCharacterProjectVrij II copy.psb using Guid(dfef12e0cbba8204b9159ca81b49ab77) Importer(815301076,1909f56bfc062723c751e8b465ee728b)  -> (artifact id: '3e0aba0b34d00593501eb04f358c54f3') in 0.140262 seconds 
========================================================================
Received Import Request.
  Time since last request: 86.256841 seconds.
  path: Assets/Assets/MainCharacter_WW1.psb
  artifactKey: Guid(b9987cb3533732a41aaec8f4651083e0) Importer(815301076,1909f56bfc062723c751e8b465ee728b)
Start importing Assets/Assets/MainCharacter_WW1.psb using Guid(b9987cb3533732a41aaec8f4651083e0) Importer(815301076,1909f56bfc062723c751e8b465ee728b)  -> (artifact id: '32293f7e4ae1f63ae554fe8a9a5857fb') in 0.080121 seconds 
========================================================================
Received Import Request.
  Time since last request: 236.247699 seconds.
  path: Assets/Assets/MainCharacterProjectVrij II copy.psb
  artifactKey: Guid(dfef12e0cbba8204b9159ca81b49ab77) Importer(815301076,1909f56bfc062723c751e8b465ee728b)
Start importing Assets/Assets/MainCharacterProjectVrij II copy.psb using Guid(dfef12e0cbba8204b9159ca81b49ab77) Importer(815301076,1909f56bfc062723c751e8b465ee728b)  -> (artifact id: '674e663e7a9b23ae5c8a31706b342c58') in 0.081195 seconds 
========================================================================
Received Import Request.
  Time since last request: 16.005964 seconds.
  path: Assets/Assets/MainCharacter_WW1.psb
  artifactKey: Guid(b9987cb3533732a41aaec8f4651083e0) Importer(815301076,1909f56bfc062723c751e8b465ee728b)
Start importing Assets/Assets/MainCharacter_WW1.psb using Guid(b9987cb3533732a41aaec8f4651083e0) Importer(815301076,1909f56bfc062723c751e8b465ee728b)  -> (artifact id: '487366adb5a942fd41b69a5a0ab103ce') in 0.091302 seconds 
========================================================================
Received Import Request.
  Time since last request: 583.628896 seconds.
  path: Assets/Assets/MainCharacter_WW1.psb
  artifactKey: Guid(b9987cb3533732a41aaec8f4651083e0) Importer(815301076,1909f56bfc062723c751e8b465ee728b)
Start importing Assets/Assets/MainCharacter_WW1.psb using Guid(b9987cb3533732a41aaec8f4651083e0) Importer(815301076,1909f56bfc062723c751e8b465ee728b)  -> (artifact id: '8dd31d8c024cfdd1c20c9410b7ef873d') in 0.148990 seconds 
========================================================================
Received Import Request.
  Time since last request: 1159.168524 seconds.
  path: Assets/Assets/MainCharacter_WW1.psb
  artifactKey: Guid(b9987cb3533732a41aaec8f4651083e0) Importer(815301076,1909f56bfc062723c751e8b465ee728b)
Start importing Assets/Assets/MainCharacter_WW1.psb using Guid(b9987cb3533732a41aaec8f4651083e0) Importer(815301076,1909f56bfc062723c751e8b465ee728b)  -> (artifact id: 'f27dd3991e271520c166c60dca2982bc') in 0.131482 seconds 
========================================================================
Received Import Request.
  Time since last request: 2303.469525 seconds.
  path: Assets/Assets/MainCharacterProjectVrij II copy.controller
  artifactKey: Guid(fbb2b08247bd05d46962599d5520f22f) Importer(815301076,1909f56bfc062723c751e8b465ee728b)
Start importing Assets/Assets/MainCharacterProjectVrij II copy.controller using Guid(fbb2b08247bd05d46962599d5520f22f) Importer(815301076,1909f56bfc062723c751e8b465ee728b)  -> (artifact id: 'd50b582c408679011ca006dfcc40e1f3') in 0.026717 seconds 
========================================================================
Received Import Request.
  Time since last request: 254.139016 seconds.
  path: Assets/Assets/CharacterAnimationWalk.anim
  artifactKey: Guid(8a4ea33a64dc175408ea4af1aeffe266) Importer(815301076,1909f56bfc062723c751e8b465ee728b)
Start importing Assets/Assets/CharacterAnimationWalk.anim using Guid(8a4ea33a64dc175408ea4af1aeffe266) Importer(815301076,1909f56bfc062723c751e8b465ee728b)  -> (artifact id: 'ba8c73586b84a33b876c93231c53334d') in 0.009208 seconds 
========================================================================
Received Import Request.
  Time since last request: 523.045322 seconds.
  path: Assets/Assets/Voet V IK_Target.controller
  artifactKey: Guid(90d35ef82188b054cbc9c4bb03efda3f) Importer(815301076,1909f56bfc062723c751e8b465ee728b)
Start importing Assets/Assets/Voet V IK_Target.controller using Guid(90d35ef82188b054cbc9c4bb03efda3f) Importer(815301076,1909f56bfc062723c751e8b465ee728b)  -> (artifact id: '3820408412db3b222a2112df87181a74') in 0.007676 seconds 
========================================================================
Received Import Request.
  Time since last request: 37.050213 seconds.
  path: Assets/Assets/WalkAnimation.anim
  artifactKey: Guid(ba83327ecfe6f854aa57fd0930e461bd) Importer(815301076,1909f56bfc062723c751e8b465ee728b)
Start importing Assets/Assets/WalkAnimation.anim using Guid(ba83327ecfe6f854aa57fd0930e461bd) Importer(815301076,1909f56bfc062723c751e8b465ee728b)  -> (artifact id: 'bf28373e8b7de33dbed4d6f66bb51493') in 0.007750 seconds 
========================================================================
Received Import Request.
  Time since last request: 3718.544381 seconds.
  path: Assets/Assets/WalkAnimation.anim
  artifactKey: Guid(ba83327ecfe6f854aa57fd0930e461bd) Importer(815301076,1909f56bfc062723c751e8b465ee728b)
Start importing Assets/Assets/WalkAnimation.anim using Guid(ba83327ecfe6f854aa57fd0930e461bd) Importer(815301076,1909f56bfc062723c751e8b465ee728b)  -> (artifact id: '0c520059853eca28ac9c543a29dc2776') in 0.010121 seconds 
========================================================================
Received Prepare
Registering precompiled user dll's ...
Registered in 0.097662 seconds.
Begin MonoManager ReloadAssembly
Native extension for WindowsStandalone target not found
Native extension for OSXStandalone target not found
Refreshing native plugins compatible for Editor in 1.17 ms, found 4 plugins.
Preloading 0 native plugins for Editor in 0.00 ms.
RefreshInfo: StopAssetImportingV2(NoUpdateAssetOptions) scanfilter: 
RefreshProfiler: Total: 0.000ms
RefreshInfo: StopAssetImportingV2(NoUpdateAssetOptions) scanfilter: 
RefreshProfiler: Total: 0.000ms
Mono: successfully reloaded assembly
- Completed reload, in  1.363 seconds
Platform modules already initialized, skipping
Shader 'Universal Render Pipeline/Particles/Lit': fallback shader 'Universal Render Pipeline/Particles/SimpleLit' not found
Refreshing native plugins compatible for Editor in 1.07 ms, found 4 plugins.
Preloading 0 native plugins for Editor in 0.00 ms.
Unloading 1797 Unused Serialized files (Serialized files now loaded: 0)
System memory in use before: 210.1 MB.
System memory in use after: 210.4 MB.

Unloading 70 unused Assets to reduce memory usage. Loaded Objects now: 5446.
Total: 3.066300 ms (FindLiveObjects: 0.323900 ms CreateObjectMapping: 0.199600 ms MarkObjects: 2.473600 ms  DeleteObjects: 0.068600 ms)

========================================================================
Received Prepare
Registering precompiled user dll's ...
Registered in 0.006860 seconds.
Begin MonoManager ReloadAssembly
Native extension for WindowsStandalone target not found
Native extension for OSXStandalone target not found
Refreshing native plugins compatible for Editor in 1.29 ms, found 4 plugins.
Preloading 0 native plugins for Editor in 0.00 ms.
RefreshInfo: StopAssetImportingV2(NoUpdateAssetOptions) scanfilter: 
RefreshProfiler: Total: 0.000ms
RefreshInfo: StopAssetImportingV2(NoUpdateAssetOptions) scanfilter: 
RefreshProfiler: Total: 0.000ms
Mono: successfully reloaded assembly
- Completed reload, in  1.088 seconds
Platform modules already initialized, skipping
Shader 'Universal Render Pipeline/Particles/Lit': fallback shader 'Universal Render Pipeline/Particles/SimpleLit' not found
Refreshing native plugins compatible for Editor in 1.21 ms, found 4 plugins.
Preloading 0 native plugins for Editor in 0.00 ms.
Unloading 1797 Unused Serialized files (Serialized files now loaded: 0)
System memory in use before: 210.2 MB.
System memory in use after: 210.4 MB.

Unloading 70 unused Assets to reduce memory usage. Loaded Objects now: 5450.
Total: 2.770200 ms (FindLiveObjects: 0.382200 ms CreateObjectMapping: 0.254900 ms MarkObjects: 2.066400 ms  DeleteObjects: 0.066000 ms)

========================================================================
Received Prepare
Registering precompiled user dll's ...
Registered in 0.006525 seconds.
Begin MonoManager ReloadAssembly
Native extension for WindowsStandalone target not found
Native extension for OSXStandalone target not found
Refreshing native plugins compatible for Editor in 2.16 ms, found 4 plugins.
Preloading 0 native plugins for Editor in 0.00 ms.
RefreshInfo: StopAssetImportingV2(NoUpdateAssetOptions) scanfilter: 
RefreshProfiler: Total: 0.000ms
RefreshInfo: StopAssetImportingV2(NoUpdateAssetOptions) scanfilter: 
RefreshProfiler: Total: 0.000ms
Mono: successfully reloaded assembly
- Completed reload, in  1.154 seconds
Platform modules already initialized, skipping
Shader 'Universal Render Pipeline/Particles/Lit': fallback shader 'Universal Render Pipeline/Particles/SimpleLit' not found
Refreshing native plugins compatible for Editor in 1.13 ms, found 4 plugins.
Preloading 0 native plugins for Editor in 0.00 ms.
Unloading 1797 Unused Serialized files (Serialized files now loaded: 0)
System memory in use before: 210.5 MB.
System memory in use after: 210.7 MB.

Unloading 70 unused Assets to reduce memory usage. Loaded Objects now: 5454.
Total: 3.629000 ms (FindLiveObjects: 0.454000 ms CreateObjectMapping: 0.485700 ms MarkObjects: 2.609000 ms  DeleteObjects: 0.079100 ms)

========================================================================
Received Prepare
Registering precompiled user dll's ...
Registered in 0.006412 seconds.
Begin MonoManager ReloadAssembly
Native extension for WindowsStandalone target not found
Native extension for OSXStandalone target not found
Refreshing native plugins compatible for Editor in 1.31 ms, found 4 plugins.
Preloading 0 native plugins for Editor in 0.00 ms.
RefreshInfo: StopAssetImportingV2(NoUpdateAssetOptions) scanfilter: 
RefreshProfiler: Total: 0.000ms
RefreshInfo: StopAssetImportingV2(NoUpdateAssetOptions) scanfilter: 
RefreshProfiler: Total: 0.000ms
Mono: successfully reloaded assembly
- Completed reload, in  1.025 seconds
Platform modules already initialized, skipping
Shader 'Universal Render Pipeline/Particles/Lit': fallback shader 'Universal Render Pipeline/Particles/SimpleLit' not found
Refreshing native plugins compatible for Editor in 1.24 ms, found 4 plugins.
Preloading 0 native plugins for Editor in 0.00 ms.
Unloading 1797 Unused Serialized files (Serialized files now loaded: 0)
System memory in use before: 210.5 MB.
System memory in use after: 210.7 MB.

Unloading 70 unused Assets to reduce memory usage. Loaded Objects now: 5458.
Total: 2.597200 ms (FindLiveObjects: 0.340200 ms CreateObjectMapping: 0.222400 ms MarkObjects: 1.973200 ms  DeleteObjects: 0.060700 ms)

========================================================================
Received Import Request.
  Time since last request: 5413.194266 seconds.
  path: ProjectSettings/TagManager.asset
  artifactKey: Guid(00000000000000003000000000000000) Importer(815301076,1909f56bfc062723c751e8b465ee728b)
Start importing ProjectSettings/TagManager.asset using Guid(00000000000000003000000000000000) Importer(815301076,1909f56bfc062723c751e8b465ee728b)  -> (artifact id: '443adb106611926bb09aaddabb43859b') in 0.048118 seconds 
========================================================================
Received Prepare
Registering precompiled user dll's ...
Registered in 0.006815 seconds.
Begin MonoManager ReloadAssembly
Native extension for WindowsStandalone target not found
Native extension for OSXStandalone target not found
Refreshing native plugins compatible for Editor in 1.25 ms, found 4 plugins.
Preloading 0 native plugins for Editor in 0.00 ms.
RefreshInfo: StopAssetImportingV2(NoUpdateAssetOptions) scanfilter: 
RefreshProfiler: Total: 0.000ms
RefreshInfo: StopAssetImportingV2(NoUpdateAssetOptions) scanfilter: 
RefreshProfiler: Total: 0.000ms
Mono: successfully reloaded assembly
- Completed reload, in  1.114 seconds
Platform modules already initialized, skipping
Shader 'Universal Render Pipeline/Particles/Lit': fallback shader 'Universal Render Pipeline/Particles/SimpleLit' not found
Refreshing native plugins compatible for Editor in 1.17 ms, found 4 plugins.
Preloading 0 native plugins for Editor in 0.00 ms.
Unloading 1797 Unused Serialized files (Serialized files now loaded: 0)
System memory in use before: 210.5 MB.
System memory in use after: 210.7 MB.

Unloading 71 unused Assets to reduce memory usage. Loaded Objects now: 5462.
Total: 3.045600 ms (FindLiveObjects: 0.331000 ms CreateObjectMapping: 0.270000 ms MarkObjects: 2.371900 ms  DeleteObjects: 0.072100 ms)

========================================================================
Received Prepare
Registering precompiled user dll's ...
Registered in 0.007989 seconds.
Begin MonoManager ReloadAssembly
Native extension for WindowsStandalone target not found
Native extension for OSXStandalone target not found
Refreshing native plugins compatible for Editor in 1.29 ms, found 4 plugins.
Preloading 0 native plugins for Editor in 0.00 ms.
RefreshInfo: StopAssetImportingV2(NoUpdateAssetOptions) scanfilter: 
RefreshProfiler: Total: 0.000ms
RefreshInfo: StopAssetImportingV2(NoUpdateAssetOptions) scanfilter: 
RefreshProfiler: Total: 0.000ms
Mono: successfully reloaded assembly
- Completed reload, in  1.093 seconds
Platform modules already initialized, skipping
Shader 'Universal Render Pipeline/Particles/Lit': fallback shader 'Universal Render Pipeline/Particles/SimpleLit' not found
Refreshing native plugins compatible for Editor in 1.27 ms, found 4 plugins.
Preloading 0 native plugins for Editor in 0.00 ms.
Unloading 1797 Unused Serialized files (Serialized files now loaded: 0)
System memory in use before: 210.5 MB.
System memory in use after: 210.7 MB.

Unloading 70 unused Assets to reduce memory usage. Loaded Objects now: 5466.
Total: 4.847300 ms (FindLiveObjects: 0.490400 ms CreateObjectMapping: 0.360600 ms MarkObjects: 3.917200 ms  DeleteObjects: 0.078000 ms)

========================================================================
Received Prepare
Registering precompiled user dll's ...
Registered in 0.009237 seconds.
Begin MonoManager ReloadAssembly
Native extension for WindowsStandalone target not found
Native extension for OSXStandalone target not found
Refreshing native plugins compatible for Editor in 1.72 ms, found 4 plugins.
Preloading 0 native plugins for Editor in 0.00 ms.
RefreshInfo: StopAssetImportingV2(NoUpdateAssetOptions) scanfilter: 
RefreshProfiler: Total: 0.000ms
RefreshInfo: StopAssetImportingV2(NoUpdateAssetOptions) scanfilter: 
RefreshProfiler: Total: 0.000ms
Mono: successfully reloaded assembly
- Completed reload, in  1.082 seconds
Platform modules already initialized, skipping
Shader 'Universal Render Pipeline/Particles/Lit': fallback shader 'Universal Render Pipeline/Particles/SimpleLit' not found
Refreshing native plugins compatible for Editor in 1.30 ms, found 4 plugins.
Preloading 0 native plugins for Editor in 0.00 ms.
Unloading 1797 Unused Serialized files (Serialized files now loaded: 0)
System memory in use before: 210.4 MB.
System memory in use after: 210.8 MB.

Unloading 70 unused Assets to reduce memory usage. Loaded Objects now: 5470.
Total: 3.136200 ms (FindLiveObjects: 0.349800 ms CreateObjectMapping: 0.271000 ms MarkObjects: 2.437400 ms  DeleteObjects: 0.077300 ms)

========================================================================
Received Prepare
Registering precompiled user dll's ...
Registered in 0.008062 seconds.
Begin MonoManager ReloadAssembly
Native extension for WindowsStandalone target not found
Native extension for OSXStandalone target not found
Refreshing native plugins compatible for Editor in 1.81 ms, found 4 plugins.
Preloading 0 native plugins for Editor in 0.00 ms.
RefreshInfo: StopAssetImportingV2(NoUpdateAssetOptions) scanfilter: 
RefreshProfiler: Total: 0.000ms
RefreshInfo: StopAssetImportingV2(NoUpdateAssetOptions) scanfilter: 
RefreshProfiler: Total: 0.000ms
Mono: successfully reloaded assembly
- Completed reload, in  1.079 seconds
Platform modules already initialized, skipping
Shader 'Universal Render Pipeline/Particles/Lit': fallback shader 'Universal Render Pipeline/Particles/SimpleLit' not found
Refreshing native plugins compatible for Editor in 1.22 ms, found 4 plugins.
Preloading 0 native plugins for Editor in 0.00 ms.
Unloading 1797 Unused Serialized files (Serialized files now loaded: 0)
System memory in use before: 210.6 MB.
System memory in use after: 211.1 MB.

Unloading 70 unused Assets to reduce memory usage. Loaded Objects now: 5474.
Total: 3.376400 ms (FindLiveObjects: 0.423800 ms CreateObjectMapping: 0.314900 ms MarkObjects: 2.533100 ms  DeleteObjects: 0.103600 ms)

========================================================================
Received Prepare
Registering precompiled user dll's ...
Registered in 0.007047 seconds.
Begin MonoManager ReloadAssembly
Native extension for WindowsStandalone target not found
Native extension for OSXStandalone target not found
Refreshing native plugins compatible for Editor in 1.55 ms, found 4 plugins.
Preloading 0 native plugins for Editor in 0.00 ms.
RefreshInfo: StopAssetImportingV2(NoUpdateAssetOptions) scanfilter: 
RefreshProfiler: Total: 0.000ms
RefreshInfo: StopAssetImportingV2(NoUpdateAssetOptions) scanfilter: 
RefreshProfiler: Total: 0.000ms
Mono: successfully reloaded assembly
- Completed reload, in  1.094 seconds
Platform modules already initialized, skipping
Shader 'Universal Render Pipeline/Particles/Lit': fallback shader 'Universal Render Pipeline/Particles/SimpleLit' not found
Refreshing native plugins compatible for Editor in 1.64 ms, found 4 plugins.
Preloading 0 native plugins for Editor in 0.00 ms.
Unloading 1797 Unused Serialized files (Serialized files now loaded: 0)
System memory in use before: 210.7 MB.
System memory in use after: 211.1 MB.

Unloading 70 unused Assets to reduce memory usage. Loaded Objects now: 5478.
Total: 4.039200 ms (FindLiveObjects: 0.428000 ms CreateObjectMapping: 0.370900 ms MarkObjects: 3.141300 ms  DeleteObjects: 0.098200 ms)

========================================================================
Received Prepare
Registering precompiled user dll's ...
Registered in 0.008875 seconds.
Begin MonoManager ReloadAssembly
Native extension for WindowsStandalone target not found
Native extension for OSXStandalone target not found
Refreshing native plugins compatible for Editor in 1.14 ms, found 4 plugins.
Preloading 0 native plugins for Editor in 0.00 ms.
RefreshInfo: StopAssetImportingV2(NoUpdateAssetOptions) scanfilter: 
RefreshProfiler: Total: 0.000ms
RefreshInfo: StopAssetImportingV2(NoUpdateAssetOptions) scanfilter: 
RefreshProfiler: Total: 0.000ms
Mono: successfully reloaded assembly
- Completed reload, in  1.087 seconds
Platform modules already initialized, skipping
Shader 'Universal Render Pipeline/Particles/Lit': fallback shader 'Universal Render Pipeline/Particles/SimpleLit' not found
Refreshing native plugins compatible for Editor in 1.14 ms, found 4 plugins.
Preloading 0 native plugins for Editor in 0.00 ms.
Unloading 1797 Unused Serialized files (Serialized files now loaded: 0)
System memory in use before: 210.7 MB.
System memory in use after: 211.1 MB.

Unloading 70 unused Assets to reduce memory usage. Loaded Objects now: 5482.
Total: 4.222300 ms (FindLiveObjects: 0.390000 ms CreateObjectMapping: 0.206400 ms MarkObjects: 3.505100 ms  DeleteObjects: 0.119900 ms)

========================================================================
Received Prepare
Registering precompiled user dll's ...
Registered in 0.011492 seconds.
Begin MonoManager ReloadAssembly
Native extension for WindowsStandalone target not found
Native extension for OSXStandalone target not found
Refreshing native plugins compatible for Editor in 1.61 ms, found 4 plugins.
Preloading 0 native plugins for Editor in 0.00 ms.
RefreshInfo: StopAssetImportingV2(NoUpdateAssetOptions) scanfilter: 
RefreshProfiler: Total: 0.000ms
RefreshInfo: StopAssetImportingV2(NoUpdateAssetOptions) scanfilter: 
RefreshProfiler: Total: 0.000ms
Mono: successfully reloaded assembly
- Completed reload, in  1.064 seconds
Platform modules already initialized, skipping
Shader 'Universal Render Pipeline/Particles/Lit': fallback shader 'Universal Render Pipeline/Particles/SimpleLit' not found
Refreshing native plugins compatible for Editor in 1.80 ms, found 4 plugins.
Preloading 0 native plugins for Editor in 0.00 ms.
Unloading 1797 Unused Serialized files (Serialized files now loaded: 0)
System memory in use before: 210.7 MB.
System memory in use after: 211.1 MB.

Unloading 70 unused Assets to reduce memory usage. Loaded Objects now: 5486.
Total: 2.779500 ms (FindLiveObjects: 0.356300 ms CreateObjectMapping: 0.229100 ms MarkObjects: 2.126600 ms  DeleteObjects: 0.066700 ms)

========================================================================
Received Prepare
Registering precompiled user dll's ...
Registered in 0.006706 seconds.
Begin MonoManager ReloadAssembly
Native extension for WindowsStandalone target not found
Native extension for OSXStandalone target not found
Refreshing native plugins compatible for Editor in 1.68 ms, found 4 plugins.
Preloading 0 native plugins for Editor in 0.00 ms.
RefreshInfo: StopAssetImportingV2(NoUpdateAssetOptions) scanfilter: 
RefreshProfiler: Total: 0.000ms
RefreshInfo: StopAssetImportingV2(NoUpdateAssetOptions) scanfilter: 
RefreshProfiler: Total: 0.000ms
Mono: successfully reloaded assembly
- Completed reload, in  1.075 seconds
Platform modules already initialized, skipping
Shader 'Universal Render Pipeline/Particles/Lit': fallback shader 'Universal Render Pipeline/Particles/SimpleLit' not found
Refreshing native plugins compatible for Editor in 1.25 ms, found 4 plugins.
Preloading 0 native plugins for Editor in 0.00 ms.
Unloading 1797 Unused Serialized files (Serialized files now loaded: 0)
System memory in use before: 210.5 MB.
System memory in use after: 210.9 MB.

Unloading 70 unused Assets to reduce memory usage. Loaded Objects now: 5490.
Total: 3.393500 ms (FindLiveObjects: 0.403600 ms CreateObjectMapping: 0.314000 ms MarkObjects: 2.603700 ms  DeleteObjects: 0.071500 ms)

========================================================================
Received Prepare
Registering precompiled user dll's ...
Registered in 0.008836 seconds.
Begin MonoManager ReloadAssembly
Native extension for WindowsStandalone target not found
Native extension for OSXStandalone target not found
Refreshing native plugins compatible for Editor in 1.21 ms, found 4 plugins.
Preloading 0 native plugins for Editor in 0.00 ms.
RefreshInfo: StopAssetImportingV2(NoUpdateAssetOptions) scanfilter: 
RefreshProfiler: Total: 0.000ms
RefreshInfo: StopAssetImportingV2(NoUpdateAssetOptions) scanfilter: 
RefreshProfiler: Total: 0.000ms
Mono: successfully reloaded assembly
- Completed reload, in  1.058 seconds
Platform modules already initialized, skipping
Shader 'Universal Render Pipeline/Particles/Lit': fallback shader 'Universal Render Pipeline/Particles/SimpleLit' not found
Refreshing native plugins compatible for Editor in 1.08 ms, found 4 plugins.
Preloading 0 native plugins for Editor in 0.00 ms.
Unloading 1797 Unused Serialized files (Serialized files now loaded: 0)
System memory in use before: 210.5 MB.
System memory in use after: 210.9 MB.

Unloading 70 unused Assets to reduce memory usage. Loaded Objects now: 5494.
Total: 3.209300 ms (FindLiveObjects: 0.392900 ms CreateObjectMapping: 0.375100 ms MarkObjects: 2.369600 ms  DeleteObjects: 0.070900 ms)

========================================================================
Received Prepare
Registering precompiled user dll's ...
Registered in 0.007305 seconds.
Begin MonoManager ReloadAssembly
Native extension for WindowsStandalone target not found
Native extension for OSXStandalone target not found
Refreshing native plugins compatible for Editor in 1.65 ms, found 4 plugins.
Preloading 0 native plugins for Editor in 0.00 ms.
RefreshInfo: StopAssetImportingV2(NoUpdateAssetOptions) scanfilter: 
RefreshProfiler: Total: 0.000ms
RefreshInfo: StopAssetImportingV2(NoUpdateAssetOptions) scanfilter: 
RefreshProfiler: Total: 0.000ms
Mono: successfully reloaded assembly
- Completed reload, in  1.115 seconds
Platform modules already initialized, skipping
Shader 'Universal Render Pipeline/Particles/Lit': fallback shader 'Universal Render Pipeline/Particles/SimpleLit' not found
Refreshing native plugins compatible for Editor in 1.13 ms, found 4 plugins.
Preloading 0 native plugins for Editor in 0.00 ms.
Unloading 1797 Unused Serialized files (Serialized files now loaded: 0)
System memory in use before: 210.5 MB.
System memory in use after: 210.9 MB.

Unloading 70 unused Assets to reduce memory usage. Loaded Objects now: 5498.
Total: 2.887900 ms (FindLiveObjects: 0.345800 ms CreateObjectMapping: 0.215000 ms MarkObjects: 2.262600 ms  DeleteObjects: 0.063700 ms)

========================================================================
Received Prepare
Registering precompiled user dll's ...
Registered in 0.007097 seconds.
Begin MonoManager ReloadAssembly
Native extension for WindowsStandalone target not found
Native extension for OSXStandalone target not found
Refreshing native plugins compatible for Editor in 2.15 ms, found 4 plugins.
Preloading 0 native plugins for Editor in 0.00 ms.
RefreshInfo: StopAssetImportingV2(NoUpdateAssetOptions) scanfilter: 
RefreshProfiler: Total: 0.000ms
RefreshInfo: StopAssetImportingV2(NoUpdateAssetOptions) scanfilter: 
RefreshProfiler: Total: 0.000ms
Mono: successfully reloaded assembly
- Completed reload, in  1.067 seconds
Platform modules already initialized, skipping
Shader 'Universal Render Pipeline/Particles/Lit': fallback shader 'Universal Render Pipeline/Particles/SimpleLit' not found
Refreshing native plugins compatible for Editor in 1.12 ms, found 4 plugins.
Preloading 0 native plugins for Editor in 0.00 ms.
Unloading 1797 Unused Serialized files (Serialized files now loaded: 0)
System memory in use before: 210.7 MB.
System memory in use after: 211.1 MB.

Unloading 70 unused Assets to reduce memory usage. Loaded Objects now: 5502.
Total: 3.176800 ms (FindLiveObjects: 0.370800 ms CreateObjectMapping: 0.252300 ms MarkObjects: 2.473300 ms  DeleteObjects: 0.079500 ms)

========================================================================
Received Prepare
Registering precompiled user dll's ...
Registered in 0.006666 seconds.
Begin MonoManager ReloadAssembly
Native extension for WindowsStandalone target not found
Native extension for OSXStandalone target not found
Refreshing native plugins compatible for Editor in 1.27 ms, found 4 plugins.
Preloading 0 native plugins for Editor in 0.00 ms.
RefreshInfo: StopAssetImportingV2(NoUpdateAssetOptions) scanfilter: 
RefreshProfiler: Total: 0.000ms
RefreshInfo: StopAssetImportingV2(NoUpdateAssetOptions) scanfilter: 
RefreshProfiler: Total: 0.000ms
Mono: successfully reloaded assembly
- Completed reload, in  1.063 seconds
Platform modules already initialized, skipping
Shader 'Universal Render Pipeline/Particles/Lit': fallback shader 'Universal Render Pipeline/Particles/SimpleLit' not found
Refreshing native plugins compatible for Editor in 1.19 ms, found 4 plugins.
Preloading 0 native plugins for Editor in 0.00 ms.
Unloading 1797 Unused Serialized files (Serialized files now loaded: 0)
System memory in use before: 210.7 MB.
System memory in use after: 211.1 MB.

Unloading 70 unused Assets to reduce memory usage. Loaded Objects now: 5506.
Total: 3.297300 ms (FindLiveObjects: 0.403100 ms CreateObjectMapping: 0.290000 ms MarkObjects: 2.528300 ms  DeleteObjects: 0.075000 ms)

========================================================================
Received Prepare
Registering precompiled user dll's ...
Registered in 0.006393 seconds.
Begin MonoManager ReloadAssembly
Native extension for WindowsStandalone target not found
Native extension for OSXStandalone target not found
Refreshing native plugins compatible for Editor in 1.62 ms, found 4 plugins.
Preloading 0 native plugins for Editor in 0.00 ms.
RefreshInfo: StopAssetImportingV2(NoUpdateAssetOptions) scanfilter: 
RefreshProfiler: Total: 0.000ms
RefreshInfo: StopAssetImportingV2(NoUpdateAssetOptions) scanfilter: 
RefreshProfiler: Total: 0.000ms
Mono: successfully reloaded assembly
- Completed reload, in  1.116 seconds
Platform modules already initialized, skipping
Shader 'Universal Render Pipeline/Particles/Lit': fallback shader 'Universal Render Pipeline/Particles/SimpleLit' not found
Refreshing native plugins compatible for Editor in 1.37 ms, found 4 plugins.
Preloading 0 native plugins for Editor in 0.00 ms.
Unloading 1797 Unused Serialized files (Serialized files now loaded: 0)
System memory in use before: 210.7 MB.
System memory in use after: 211.1 MB.

Unloading 70 unused Assets to reduce memory usage. Loaded Objects now: 5510.
Total: 3.840600 ms (FindLiveObjects: 0.651100 ms CreateObjectMapping: 0.492200 ms MarkObjects: 2.616400 ms  DeleteObjects: 0.079600 ms)

========================================================================
Received Prepare
Registering precompiled user dll's ...
Registered in 0.008880 seconds.
Begin MonoManager ReloadAssembly
Native extension for WindowsStandalone target not found
Native extension for OSXStandalone target not found
Refreshing native plugins compatible for Editor in 1.17 ms, found 4 plugins.
Preloading 0 native plugins for Editor in 0.00 ms.
RefreshInfo: StopAssetImportingV2(NoUpdateAssetOptions) scanfilter: 
RefreshProfiler: Total: 0.000ms
RefreshInfo: StopAssetImportingV2(NoUpdateAssetOptions) scanfilter: 
RefreshProfiler: Total: 0.000ms
Mono: successfully reloaded assembly
- Completed reload, in  1.057 seconds
Platform modules already initialized, skipping
Shader 'Universal Render Pipeline/Particles/Lit': fallback shader 'Universal Render Pipeline/Particles/SimpleLit' not found
Refreshing native plugins compatible for Editor in 1.15 ms, found 4 plugins.
Preloading 0 native plugins for Editor in 0.00 ms.
Unloading 1797 Unused Serialized files (Serialized files now loaded: 0)
System memory in use before: 210.7 MB.
System memory in use after: 211.1 MB.

Unloading 70 unused Assets to reduce memory usage. Loaded Objects now: 5514.
Total: 3.053800 ms (FindLiveObjects: 0.367500 ms CreateObjectMapping: 0.272800 ms MarkObjects: 2.329500 ms  DeleteObjects: 0.083200 ms)

========================================================================
Received Prepare
Registering precompiled user dll's ...
Registered in 0.006894 seconds.
Begin MonoManager ReloadAssembly
Native extension for WindowsStandalone target not found
Native extension for OSXStandalone target not found
Refreshing native plugins compatible for Editor in 1.11 ms, found 4 plugins.
Preloading 0 native plugins for Editor in 0.00 ms.
RefreshInfo: StopAssetImportingV2(NoUpdateAssetOptions) scanfilter: 
RefreshProfiler: Total: 0.000ms
RefreshInfo: StopAssetImportingV2(NoUpdateAssetOptions) scanfilter: 
RefreshProfiler: Total: 0.000ms
Mono: successfully reloaded assembly
- Completed reload, in  1.066 seconds
Platform modules already initialized, skipping
Shader 'Universal Render Pipeline/Particles/Lit': fallback shader 'Universal Render Pipeline/Particles/SimpleLit' not found
Refreshing native plugins compatible for Editor in 1.17 ms, found 4 plugins.
Preloading 0 native plugins for Editor in 0.00 ms.
Unloading 1797 Unused Serialized files (Serialized files now loaded: 0)
System memory in use before: 210.6 MB.
System memory in use after: 211.0 MB.

Unloading 70 unused Assets to reduce memory usage. Loaded Objects now: 5518.
Total: 6.329500 ms (FindLiveObjects: 0.689600 ms CreateObjectMapping: 0.499800 ms MarkObjects: 5.057500 ms  DeleteObjects: 0.081400 ms)

========================================================================
Received Prepare
Registering precompiled user dll's ...
Registered in 0.007114 seconds.
Begin MonoManager ReloadAssembly
Native extension for WindowsStandalone target not found
Native extension for OSXStandalone target not found
Refreshing native plugins compatible for Editor in 1.25 ms, found 4 plugins.
Preloading 0 native plugins for Editor in 0.00 ms.
RefreshInfo: StopAssetImportingV2(NoUpdateAssetOptions) scanfilter: 
RefreshProfiler: Total: 0.000ms
RefreshInfo: StopAssetImportingV2(NoUpdateAssetOptions) scanfilter: 
RefreshProfiler: Total: 0.000ms
Mono: successfully reloaded assembly
- Completed reload, in  1.065 seconds
Platform modules already initialized, skipping
Shader 'Universal Render Pipeline/Particles/Lit': fallback shader 'Universal Render Pipeline/Particles/SimpleLit' not found
Refreshing native plugins compatible for Editor in 1.21 ms, found 4 plugins.
Preloading 0 native plugins for Editor in 0.00 ms.
Unloading 1797 Unused Serialized files (Serialized files now loaded: 0)
System memory in use before: 210.8 MB.
System memory in use after: 211.2 MB.

Unloading 70 unused Assets to reduce memory usage. Loaded Objects now: 5522.
Total: 4.077300 ms (FindLiveObjects: 0.436100 ms CreateObjectMapping: 0.398800 ms MarkObjects: 3.166200 ms  DeleteObjects: 0.075000 ms)

========================================================================
Received Import Request.
  Time since last request: 1064.276088 seconds.
  path: Assets/Assets/WalkAnimation.anim
  artifactKey: Guid(ba83327ecfe6f854aa57fd0930e461bd) Importer(815301076,1909f56bfc062723c751e8b465ee728b)
Start importing Assets/Assets/WalkAnimation.anim using Guid(ba83327ecfe6f854aa57fd0930e461bd) Importer(815301076,1909f56bfc062723c751e8b465ee728b)  -> (artifact id: 'd1efdf9d07c2fe8da7e2b10402728f8d') in 0.074480 seconds 
========================================================================
Received Import Request.
  Time since last request: 92.900660 seconds.
  path: Assets/Assets/MainCharacter_WW1.controller
  artifactKey: Guid(e98a7ac0dbf62c841b87e9b40d7771b6) Importer(815301076,1909f56bfc062723c751e8b465ee728b)
Start importing Assets/Assets/MainCharacter_WW1.controller using Guid(e98a7ac0dbf62c841b87e9b40d7771b6) Importer(815301076,1909f56bfc062723c751e8b465ee728b)  -> (artifact id: '82e6118fcbe7d50886257b19100b8baa') in 0.012321 seconds 
========================================================================
Received Prepare
Registering precompiled user dll's ...
Registered in 0.007396 seconds.
Begin MonoManager ReloadAssembly
Native extension for WindowsStandalone target not found
Native extension for OSXStandalone target not found
Refreshing native plugins compatible for Editor in 1.27 ms, found 4 plugins.
Preloading 0 native plugins for Editor in 0.00 ms.
RefreshInfo: StopAssetImportingV2(NoUpdateAssetOptions) scanfilter: 
RefreshProfiler: Total: 0.000ms
RefreshInfo: StopAssetImportingV2(NoUpdateAssetOptions) scanfilter: 
RefreshProfiler: Total: 0.000ms
Mono: successfully reloaded assembly
- Completed reload, in  1.086 seconds
Platform modules already initialized, skipping
Shader 'Universal Render Pipeline/Particles/Lit': fallback shader 'Universal Render Pipeline/Particles/SimpleLit' not found
Refreshing native plugins compatible for Editor in 1.30 ms, found 4 plugins.
Preloading 0 native plugins for Editor in 0.00 ms.
Unloading 1797 Unused Serialized files (Serialized files now loaded: 0)
System memory in use before: 210.8 MB.
System memory in use after: 211.2 MB.

Unloading 70 unused Assets to reduce memory usage. Loaded Objects now: 5526.
Total: 3.707000 ms (FindLiveObjects: 0.575300 ms CreateObjectMapping: 0.268400 ms MarkObjects: 2.773800 ms  DeleteObjects: 0.088800 ms)

========================================================================
Received Import Request.
  Time since last request: 730.007170 seconds.
  path: Assets/Assets/MainCharacter_WW1.controller
  artifactKey: Guid(e98a7ac0dbf62c841b87e9b40d7771b6) Importer(815301076,1909f56bfc062723c751e8b465ee728b)
Start importing Assets/Assets/MainCharacter_WW1.controller using Guid(e98a7ac0dbf62c841b87e9b40d7771b6) Importer(815301076,1909f56bfc062723c751e8b465ee728b)  -> (artifact id: '588086d66936b74665448d805c550a4e') in 0.021458 seconds 
========================================================================
Received Prepare
Registering precompiled user dll's ...
Registered in 0.009517 seconds.
Begin MonoManager ReloadAssembly
Native extension for WindowsStandalone target not found
Native extension for OSXStandalone target not found
Refreshing native plugins compatible for Editor in 1.27 ms, found 4 plugins.
Preloading 0 native plugins for Editor in 0.00 ms.
RefreshInfo: StopAssetImportingV2(NoUpdateAssetOptions) scanfilter: 
RefreshProfiler: Total: 0.000ms
RefreshInfo: StopAssetImportingV2(NoUpdateAssetOptions) scanfilter: 
RefreshProfiler: Total: 0.000ms
Mono: successfully reloaded assembly
- Completed reload, in  1.105 seconds
Platform modules already initialized, skipping
Shader 'Universal Render Pipeline/Particles/Lit': fallback shader 'Universal Render Pipeline/Particles/SimpleLit' not found
Refreshing native plugins compatible for Editor in 1.33 ms, found 4 plugins.
Preloading 0 native plugins for Editor in 0.00 ms.
Unloading 1797 Unused Serialized files (Serialized files now loaded: 0)
System memory in use before: 210.8 MB.
System memory in use after: 211.2 MB.

Unloading 70 unused Assets to reduce memory usage. Loaded Objects now: 5530.
Total: 4.094600 ms (FindLiveObjects: 0.413000 ms CreateObjectMapping: 0.340900 ms MarkObjects: 3.235800 ms  DeleteObjects: 0.103500 ms)

========================================================================
Received Prepare
Registering precompiled user dll's ...
Registered in 0.006883 seconds.
Begin MonoManager ReloadAssembly
Native extension for WindowsStandalone target not found
Native extension for OSXStandalone target not found
Refreshing native plugins compatible for Editor in 1.06 ms, found 4 plugins.
Preloading 0 native plugins for Editor in 0.00 ms.
RefreshInfo: StopAssetImportingV2(NoUpdateAssetOptions) scanfilter: 
RefreshProfiler: Total: 0.000ms
RefreshInfo: StopAssetImportingV2(NoUpdateAssetOptions) scanfilter: 
RefreshProfiler: Total: 0.000ms
Mono: successfully reloaded assembly
- Completed reload, in  1.016 seconds
Platform modules already initialized, skipping
Shader 'Universal Render Pipeline/Particles/Lit': fallback shader 'Universal Render Pipeline/Particles/SimpleLit' not found
Refreshing native plugins compatible for Editor in 1.23 ms, found 4 plugins.
Preloading 0 native plugins for Editor in 0.00 ms.
Unloading 1797 Unused Serialized files (Serialized files now loaded: 0)
System memory in use before: 210.8 MB.
System memory in use after: 211.2 MB.

Unloading 70 unused Assets to reduce memory usage. Loaded Objects now: 5534.
Total: 3.603600 ms (FindLiveObjects: 0.419500 ms CreateObjectMapping: 0.367800 ms MarkObjects: 2.717800 ms  DeleteObjects: 0.097500 ms)

========================================================================
Received Import Request.
  Time since last request: 124.914002 seconds.
  path: Assets/Scripts/MoveScript.cs
  artifactKey: Guid(87e41dccc9b37b64bb0e9f646939fc0e) Importer(815301076,1909f56bfc062723c751e8b465ee728b)
Start importing Assets/Scripts/MoveScript.cs using Guid(87e41dccc9b37b64bb0e9f646939fc0e) Importer(815301076,1909f56bfc062723c751e8b465ee728b)  -> (artifact id: 'e2bd6d3e379931cce41661a48b79752a') in 0.017959 seconds 
========================================================================
Received Prepare
Registering precompiled user dll's ...
Registered in 0.006439 seconds.
Begin MonoManager ReloadAssembly
Native extension for WindowsStandalone target not found
Native extension for OSXStandalone target not found
Refreshing native plugins compatible for Editor in 1.04 ms, found 4 plugins.
Preloading 0 native plugins for Editor in 0.00 ms.
RefreshInfo: StopAssetImportingV2(NoUpdateAssetOptions) scanfilter: 
RefreshProfiler: Total: 0.000ms
RefreshInfo: StopAssetImportingV2(NoUpdateAssetOptions) scanfilter: 
RefreshProfiler: Total: 0.000ms
Mono: successfully reloaded assembly
- Completed reload, in  1.013 seconds
Platform modules already initialized, skipping
Shader 'Universal Render Pipeline/Particles/Lit': fallback shader 'Universal Render Pipeline/Particles/SimpleLit' not found
Refreshing native plugins compatible for Editor in 1.10 ms, found 4 plugins.
Preloading 0 native plugins for Editor in 0.00 ms.
Unloading 1797 Unused Serialized files (Serialized files now loaded: 0)
System memory in use before: 210.6 MB.
System memory in use after: 211.0 MB.

Unloading 70 unused Assets to reduce memory usage. Loaded Objects now: 5538.
Total: 3.119700 ms (FindLiveObjects: 0.353000 ms CreateObjectMapping: 0.235900 ms MarkObjects: 2.459000 ms  DeleteObjects: 0.071100 ms)

========================================================================
Received Prepare
Registering precompiled user dll's ...
Registered in 0.006676 seconds.
Begin MonoManager ReloadAssembly
Native extension for WindowsStandalone target not found
Native extension for OSXStandalone target not found
Refreshing native plugins compatible for Editor in 1.14 ms, found 4 plugins.
Preloading 0 native plugins for Editor in 0.00 ms.
RefreshInfo: StopAssetImportingV2(NoUpdateAssetOptions) scanfilter: 
RefreshProfiler: Total: 0.000ms
RefreshInfo: StopAssetImportingV2(NoUpdateAssetOptions) scanfilter: 
RefreshProfiler: Total: 0.000ms
Mono: successfully reloaded assembly
- Completed reload, in  1.034 seconds
Platform modules already initialized, skipping
Shader 'Universal Render Pipeline/Particles/Lit': fallback shader 'Universal Render Pipeline/Particles/SimpleLit' not found
Refreshing native plugins compatible for Editor in 1.09 ms, found 4 plugins.
Preloading 0 native plugins for Editor in 0.00 ms.
Unloading 1797 Unused Serialized files (Serialized files now loaded: 0)
System memory in use before: 210.6 MB.
System memory in use after: 211.0 MB.

Unloading 70 unused Assets to reduce memory usage. Loaded Objects now: 5542.
Total: 3.005800 ms (FindLiveObjects: 0.472600 ms CreateObjectMapping: 0.229300 ms MarkObjects: 2.224300 ms  DeleteObjects: 0.078400 ms)

========================================================================
Received Prepare
Registering precompiled user dll's ...
Registered in 0.008095 seconds.
Begin MonoManager ReloadAssembly
Native extension for WindowsStandalone target not found
Native extension for OSXStandalone target not found
Refreshing native plugins compatible for Editor in 1.29 ms, found 4 plugins.
Preloading 0 native plugins for Editor in 0.00 ms.
RefreshInfo: StopAssetImportingV2(NoUpdateAssetOptions) scanfilter: 
RefreshProfiler: Total: 0.000ms
RefreshInfo: StopAssetImportingV2(NoUpdateAssetOptions) scanfilter: 
RefreshProfiler: Total: 0.000ms
Mono: successfully reloaded assembly
- Completed reload, in  1.058 seconds
Platform modules already initialized, skipping
Shader 'Universal Render Pipeline/Particles/Lit': fallback shader 'Universal Render Pipeline/Particles/SimpleLit' not found
Refreshing native plugins compatible for Editor in 1.12 ms, found 4 plugins.
Preloading 0 native plugins for Editor in 0.00 ms.
Unloading 1797 Unused Serialized files (Serialized files now loaded: 0)
System memory in use before: 210.6 MB.
System memory in use after: 211.0 MB.

Unloading 70 unused Assets to reduce memory usage. Loaded Objects now: 5546.
Total: 3.292200 ms (FindLiveObjects: 0.380800 ms CreateObjectMapping: 0.255800 ms MarkObjects: 2.586900 ms  DeleteObjects: 0.067900 ms)

========================================================================
Received Prepare
Registering precompiled user dll's ...
Registered in 0.105379 seconds.
Begin MonoManager ReloadAssembly
Native extension for WindowsStandalone target not found
Native extension for OSXStandalone target not found
Refreshing native plugins compatible for Editor in 1.41 ms, found 4 plugins.
Preloading 0 native plugins for Editor in 0.00 ms.
RefreshInfo: StopAssetImportingV2(NoUpdateAssetOptions) scanfilter: 
RefreshProfiler: Total: 0.000ms
RefreshInfo: StopAssetImportingV2(NoUpdateAssetOptions) scanfilter: 
RefreshProfiler: Total: 0.000ms
Mono: successfully reloaded assembly
- Completed reload, in  1.215 seconds
Platform modules already initialized, skipping
Shader 'Universal Render Pipeline/Particles/Lit': fallback shader 'Universal Render Pipeline/Particles/SimpleLit' not found
Refreshing native plugins compatible for Editor in 1.15 ms, found 4 plugins.
Preloading 0 native plugins for Editor in 0.00 ms.
Unloading 1797 Unused Serialized files (Serialized files now loaded: 0)
System memory in use before: 210.8 MB.
System memory in use after: 211.2 MB.

Unloading 70 unused Assets to reduce memory usage. Loaded Objects now: 5550.
Total: 3.664000 ms (FindLiveObjects: 0.381600 ms CreateObjectMapping: 0.363800 ms MarkObjects: 2.789900 ms  DeleteObjects: 0.127800 ms)

========================================================================
Received Prepare
Registering precompiled user dll's ...
Registered in 0.006772 seconds.
Begin MonoManager ReloadAssembly
Native extension for WindowsStandalone target not found
Native extension for OSXStandalone target not found
Refreshing native plugins compatible for Editor in 1.42 ms, found 4 plugins.
Preloading 0 native plugins for Editor in 0.00 ms.
RefreshInfo: StopAssetImportingV2(NoUpdateAssetOptions) scanfilter: 
RefreshProfiler: Total: 0.000ms
RefreshInfo: StopAssetImportingV2(NoUpdateAssetOptions) scanfilter: 
RefreshProfiler: Total: 0.000ms
Mono: successfully reloaded assembly
- Completed reload, in  1.123 seconds
Platform modules already initialized, skipping
Shader 'Universal Render Pipeline/Particles/Lit': fallback shader 'Universal Render Pipeline/Particles/SimpleLit' not found
Refreshing native plugins compatible for Editor in 1.50 ms, found 4 plugins.
Preloading 0 native plugins for Editor in 0.00 ms.
Unloading 1797 Unused Serialized files (Serialized files now loaded: 0)
System memory in use before: 210.8 MB.
System memory in use after: 211.3 MB.

Unloading 70 unused Assets to reduce memory usage. Loaded Objects now: 5554.
Total: 3.182500 ms (FindLiveObjects: 0.400300 ms CreateObjectMapping: 0.242700 ms MarkObjects: 2.467300 ms  DeleteObjects: 0.071300 ms)

========================================================================
Received Prepare
Registering precompiled user dll's ...
Registered in 0.006592 seconds.
Begin MonoManager ReloadAssembly
Native extension for WindowsStandalone target not found
Native extension for OSXStandalone target not found
Refreshing native plugins compatible for Editor in 1.16 ms, found 4 plugins.
Preloading 0 native plugins for Editor in 0.00 ms.
RefreshInfo: StopAssetImportingV2(NoUpdateAssetOptions) scanfilter: 
RefreshProfiler: Total: 0.000ms
RefreshInfo: StopAssetImportingV2(NoUpdateAssetOptions) scanfilter: 
RefreshProfiler: Total: 0.000ms
Mono: successfully reloaded assembly
- Completed reload, in  1.058 seconds
Platform modules already initialized, skipping
Shader 'Universal Render Pipeline/Particles/Lit': fallback shader 'Universal Render Pipeline/Particles/SimpleLit' not found
Refreshing native plugins compatible for Editor in 1.10 ms, found 4 plugins.
Preloading 0 native plugins for Editor in 0.00 ms.
Unloading 1797 Unused Serialized files (Serialized files now loaded: 0)
System memory in use before: 210.8 MB.
System memory in use after: 211.3 MB.

Unloading 70 unused Assets to reduce memory usage. Loaded Objects now: 5558.
Total: 2.954600 ms (FindLiveObjects: 0.363900 ms CreateObjectMapping: 0.232100 ms MarkObjects: 2.273600 ms  DeleteObjects: 0.084000 ms)

========================================================================
Received Prepare
Registering precompiled user dll's ...
Registered in 0.010788 seconds.
Begin MonoManager ReloadAssembly
Native extension for WindowsStandalone target not found
Native extension for OSXStandalone target not found
Refreshing native plugins compatible for Editor in 1.15 ms, found 4 plugins.
Preloading 0 native plugins for Editor in 0.00 ms.
RefreshInfo: StopAssetImportingV2(NoUpdateAssetOptions) scanfilter: 
RefreshProfiler: Total: 0.000ms
RefreshInfo: StopAssetImportingV2(NoUpdateAssetOptions) scanfilter: 
RefreshProfiler: Total: 0.000ms
Mono: successfully reloaded assembly
- Completed reload, in  1.054 seconds
Platform modules already initialized, skipping
Shader 'Universal Render Pipeline/Particles/Lit': fallback shader 'Universal Render Pipeline/Particles/SimpleLit' not found
Refreshing native plugins compatible for Editor in 1.10 ms, found 4 plugins.
Preloading 0 native plugins for Editor in 0.00 ms.
Unloading 1797 Unused Serialized files (Serialized files now loaded: 0)
System memory in use before: 210.9 MB.
System memory in use after: 211.3 MB.

Unloading 70 unused Assets to reduce memory usage. Loaded Objects now: 5562.
Total: 2.826600 ms (FindLiveObjects: 0.353200 ms CreateObjectMapping: 0.280000 ms MarkObjects: 2.131200 ms  DeleteObjects: 0.061500 ms)

========================================================================
Received Prepare
Registering precompiled user dll's ...
Registered in 0.008476 seconds.
Begin MonoManager ReloadAssembly
Native extension for WindowsStandalone target not found
Native extension for OSXStandalone target not found
Refreshing native plugins compatible for Editor in 1.36 ms, found 4 plugins.
Preloading 0 native plugins for Editor in 0.00 ms.
RefreshInfo: StopAssetImportingV2(NoUpdateAssetOptions) scanfilter: 
RefreshProfiler: Total: 0.000ms
RefreshInfo: StopAssetImportingV2(NoUpdateAssetOptions) scanfilter: 
RefreshProfiler: Total: 0.000ms
Mono: successfully reloaded assembly
- Completed reload, in  1.041 seconds
Platform modules already initialized, skipping
Shader 'Universal Render Pipeline/Particles/Lit': fallback shader 'Universal Render Pipeline/Particles/SimpleLit' not found
Refreshing native plugins compatible for Editor in 1.20 ms, found 4 plugins.
Preloading 0 native plugins for Editor in 0.00 ms.
Unloading 1797 Unused Serialized files (Serialized files now loaded: 0)
System memory in use before: 210.7 MB.
System memory in use after: 211.1 MB.

Unloading 70 unused Assets to reduce memory usage. Loaded Objects now: 5566.
Total: 3.155500 ms (FindLiveObjects: 0.393800 ms CreateObjectMapping: 0.291200 ms MarkObjects: 2.401100 ms  DeleteObjects: 0.068200 ms)

AssetImportWorkerClient::OnTransportError - code=2 error=End of file
